This file contains any messages produced by compilers while
running configure, to aid debugging if configure makes a mistake.

It was created by ion configure open source 3.5.0, which was
generated by GNU Autoconf 2.69.  Invocation command line was

  $ ./configure 

## --------- ##
## Platform. ##
## --------- ##

hostname = c
uname -m = x86_64
uname -r = 4.4.0-53-generic
uname -s = Linux
uname -v = #74-Ubuntu SMP Fri Dec 2 15:59:10 UTC 2016

/usr/bin/uname -p = unknown
/bin/uname -X     = unknown

/bin/arch              = unknown
/usr/bin/arch -k       = unknown
/usr/convex/getsysinfo = unknown
/usr/bin/hostinfo      = unknown
/bin/machine           = unknown
/usr/bin/oslevel       = unknown
/bin/universe          = unknown

PATH: /home/c/bin
PATH: /home/c/.local/bin
PATH: /home/c/development/rtems/rtems-4.12/bin
PATH: /home/c/development/waf
PATH: /usr/local/sbin
PATH: /usr/local/bin
PATH: /usr/sbin
PATH: /usr/bin
PATH: /sbin
PATH: /bin
PATH: /usr/games
PATH: /usr/local/games
PATH: /snap/bin


## ----------- ##
## Core tests. ##
## ----------- ##

configure:2368: checking for a BSD-compatible install
configure:2436: result: /usr/bin/install -c
configure:2447: checking whether build environment is sane
configure:2502: result: yes
configure:2653: checking for a thread-safe mkdir -p
configure:2692: result: /bin/mkdir -p
configure:2699: checking for gawk
configure:2729: result: no
configure:2699: checking for mawk
configure:2715: found /usr/bin/mawk
configure:2726: result: mawk
configure:2737: checking whether make sets $(MAKE)
configure:2759: result: yes
configure:2788: checking whether make supports nested variables
configure:2805: result: yes
configure:2987: checking for gcc
configure:3003: found /usr/bin/gcc
configure:3014: result: gcc
configure:3243: checking for C compiler version
configure:3252: gcc --version >&5
gcc (Ubuntu 5.4.0-6ubuntu1~16.04.4) 5.4.0 20160609
Copyright (C) 2015 Free Software Foundation, Inc.
This is free software; see the source for copying conditions.  There is NO
warranty; not even for MERCHANTABILITY or FITNESS FOR A PARTICULAR PURPOSE.

configure:3263: $? = 0
configure:3252: gcc -v >&5
Using built-in specs.
COLLECT_GCC=gcc
COLLECT_LTO_WRAPPER=/usr/lib/gcc/x86_64-linux-gnu/5/lto-wrapper
Target: x86_64-linux-gnu
Configured with: ../src/configure -v --with-pkgversion='Ubuntu 5.4.0-6ubuntu1~16.04.4' --with-bugurl=file:///usr/share/doc/gcc-5/README.Bugs --enable-languages=c,ada,c++,java,go,d,fortran,objc,obj-c++ --prefix=/usr --program-suffix=-5 --enable-shared --enable-linker-build-id --libexecdir=/usr/lib --without-included-gettext --enable-threads=posix --libdir=/usr/lib --enable-nls --with-sysroot=/ --enable-clocale=gnu --enable-libstdcxx-debug --enable-libstdcxx-time=yes --with-default-libstdcxx-abi=new --enable-gnu-unique-object --disable-vtable-verify --enable-libmpx --enable-plugin --with-system-zlib --disable-browser-plugin --enable-java-awt=gtk --enable-gtk-cairo --with-java-home=/usr/lib/jvm/java-1.5.0-gcj-5-amd64/jre --enable-java-home --with-jvm-root-dir=/usr/lib/jvm/java-1.5.0-gcj-5-amd64 --with-jvm-jar-dir=/usr/lib/jvm-exports/java-1.5.0-gcj-5-amd64 --with-arch-directory=amd64 --with-ecj-jar=/usr/share/java/eclipse-ecj.jar --enable-objc-gc --enable-multiarch --disable-werror --with-arch-32=i686 --with-abi=m64 --with-multilib-list=m32,m64,mx32 --enable-multilib --with-tune=generic --enable-checking=release --build=x86_64-linux-gnu --host=x86_64-linux-gnu --target=x86_64-linux-gnu
Thread model: posix
gcc version 5.4.0 20160609 (Ubuntu 5.4.0-6ubuntu1~16.04.4) 
configure:3263: $? = 0
configure:3252: gcc -V >&5
gcc: error: unrecognized command line option '-V'
gcc: fatal error: no input files
compilation terminated.
configure:3263: $? = 1
configure:3252: gcc -qversion >&5
gcc: error: unrecognized command line option '-qversion'
gcc: fatal error: no input files
compilation terminated.
configure:3263: $? = 1
configure:3283: checking whether the C compiler works
configure:3305: gcc    conftest.c  >&5
configure:3309: $? = 0
configure:3357: result: yes
configure:3360: checking for C compiler default output file name
configure:3362: result: a.out
configure:3368: checking for suffix of executables
configure:3375: gcc -o conftest    conftest.c  >&5
configure:3379: $? = 0
configure:3401: result: 
configure:3423: checking whether we are cross compiling
configure:3431: gcc -o conftest    conftest.c  >&5
configure:3435: $? = 0
configure:3442: ./conftest
configure:3446: $? = 0
configure:3461: result: no
configure:3466: checking for suffix of object files
configure:3488: gcc -c   conftest.c >&5
configure:3492: $? = 0
configure:3513: result: o
configure:3517: checking whether we are using the GNU C compiler
configure:3536: gcc -c   conftest.c >&5
configure:3536: $? = 0
configure:3545: result: yes
configure:3554: checking whether gcc accepts -g
configure:3574: gcc -c -g  conftest.c >&5
configure:3574: $? = 0
configure:3615: result: yes
configure:3632: checking for gcc option to accept ISO C89
configure:3695: gcc  -c -g -O2  conftest.c >&5
configure:3695: $? = 0
configure:3708: result: none needed
configure:3733: checking whether gcc understands -c and -o together
configure:3755: gcc -c conftest.c -o conftest2.o
configure:3758: $? = 0
configure:3755: gcc -c conftest.c -o conftest2.o
configure:3758: $? = 0
configure:3770: result: yes
configure:3798: checking for style of include used by make
configure:3826: result: GNU
configure:3852: checking dependency style of gcc
configure:3963: result: gcc3
configure:4030: checking for ar
configure:4046: found /usr/bin/ar
configure:4057: result: ar
configure:4083: checking the archiver (ar) interface
configure:4099: gcc -c -g -O2  conftest.c >&5
configure:4099: $? = 0
configure:4101: ar cru libconftest.a conftest.o >&5
ar: `u' modifier ignored since `D' is the default (see `U')
configure:4104: $? = 0
configure:4132: result: ar
configure:4181: checking build system type
configure:4195: result: x86_64-unknown-linux-gnu
configure:4215: checking host system type
configure:4228: result: x86_64-unknown-linux-gnu
configure:4269: checking how to print strings
configure:4296: result: printf
configure:4317: checking for a sed that does not truncate output
configure:4381: result: /bin/sed
configure:4399: checking for grep that handles long lines and -e
configure:4457: result: /bin/grep
configure:4462: checking for egrep
configure:4524: result: /bin/grep -E
configure:4529: checking for fgrep
configure:4591: result: /bin/grep -F
configure:4626: checking for ld used by gcc
configure:4693: result: /usr/bin/ld
configure:4700: checking if the linker (/usr/bin/ld) is GNU ld
configure:4715: result: yes
configure:4727: checking for BSD- or MS-compatible name lister (nm)
configure:4776: result: /usr/bin/nm -B
configure:4906: checking the name lister (/usr/bin/nm -B) interface
configure:4913: gcc -c -g -O2  conftest.c >&5
configure:4916: /usr/bin/nm -B "conftest.o"
configure:4919: output
0000000000000000 B some_variable
configure:4926: result: BSD nm
configure:4929: checking whether ln -s works
configure:4933: result: yes
configure:4941: checking the maximum length of command line arguments
configure:5072: result: 1572864
configure:5089: checking whether the shell understands some XSI constructs
configure:5099: result: yes
configure:5103: checking whether the shell understands "+="
configure:5109: result: yes
configure:5144: checking how to convert x86_64-unknown-linux-gnu file names to x86_64-unknown-linux-gnu format
configure:5184: result: func_convert_file_noop
configure:5191: checking how to convert x86_64-unknown-linux-gnu file names to toolchain format
configure:5211: result: func_convert_file_noop
configure:5218: checking for /usr/bin/ld option to reload object files
configure:5225: result: -r
configure:5299: checking for objdump
configure:5315: found /usr/bin/objdump
configure:5326: result: objdump
configure:5358: checking how to recognize dependent libraries
configure:5556: result: pass_all
configure:5641: checking for dlltool
configure:5671: result: no
configure:5701: checking how to associate runtime and link libraries
configure:5728: result: printf %s\n
configure:5852: checking for archiver @FILE support
configure:5869: gcc -c -g -O2  conftest.c >&5
configure:5869: $? = 0
configure:5872: ar cru libconftest.a @conftest.lst >&5
ar: `u' modifier ignored since `D' is the default (see `U')
configure:5875: $? = 0
configure:5880: ar cru libconftest.a @conftest.lst >&5
ar: `u' modifier ignored since `D' is the default (see `U')
ar: conftest.o: No such file or directory
configure:5883: $? = 1
configure:5895: result: @
configure:5953: checking for strip
configure:5969: found /usr/bin/strip
configure:5980: result: strip
configure:6052: checking for ranlib
configure:6068: found /usr/bin/ranlib
configure:6079: result: ranlib
configure:6181: checking command to parse /usr/bin/nm -B output from gcc object
configure:6301: gcc -c -g -O2  conftest.c >&5
configure:6304: $? = 0
configure:6308: /usr/bin/nm -B conftest.o \| sed -n -e 's/^.*[ ]\([ABCDGIRSTW][ABCDGIRSTW]*\)[ ][ ]*\([_A-Za-z][_A-Za-z0-9]*\)$/\1 \2 \2/p' | sed '/ __gnu_lto/d' \> conftest.nm
configure:6311: $? = 0
configure:6377: gcc -o conftest -g -O2   conftest.c conftstm.o >&5
configure:6380: $? = 0
configure:6418: result: ok
configure:6455: checking for sysroot
configure:6485: result: no
configure:6562: gcc -c -g -O2  conftest.c >&5
configure:6565: $? = 0
configure:6754: checking for mt
configure:6770: found /bin/mt
configure:6781: result: mt
configure:6804: checking if mt is a manifest tool
configure:6810: mt '-?'
configure:6818: result: no
configure:7460: checking how to run the C preprocessor
configure:7491: gcc -E  conftest.c
configure:7491: $? = 0
configure:7505: gcc -E  conftest.c
conftest.c:11:28: fatal error: ac_nonexistent.h: No such file or directory
compilation terminated.
configure:7505: $? = 1
configure: failed program was:
| /* confdefs.h */
| #define PACKAGE_NAME "ion"
| #define PACKAGE_TARNAME "ion"
| #define PACKAGE_VERSION "open source 3.5.0"
| #define PACKAGE_STRING "ion open source 3.5.0"
| #define PACKAGE_BUGREPORT "http://korgano.eecs.ohiou.edu/mailman/listinfo/ion-bugs"
| #define PACKAGE_URL ""
| #define PACKAGE "ion"
| #define VERSION "open source 3.5.0"
| /* end confdefs.h.  */
| #include <ac_nonexistent.h>
configure:7530: result: gcc -E
configure:7550: gcc -E  conftest.c
configure:7550: $? = 0
configure:7564: gcc -E  conftest.c
conftest.c:11:28: fatal error: ac_nonexistent.h: No such file or directory
compilation terminated.
configure:7564: $? = 1
configure: failed program was:
| /* confdefs.h */
| #define PACKAGE_NAME "ion"
| #define PACKAGE_TARNAME "ion"
| #define PACKAGE_VERSION "open source 3.5.0"
| #define PACKAGE_STRING "ion open source 3.5.0"
| #define PACKAGE_BUGREPORT "http://korgano.eecs.ohiou.edu/mailman/listinfo/ion-bugs"
| #define PACKAGE_URL ""
| #define PACKAGE "ion"
| #define VERSION "open source 3.5.0"
| /* end confdefs.h.  */
| #include <ac_nonexistent.h>
configure:7593: checking for ANSI C header files
configure:7613: gcc -c -g -O2  conftest.c >&5
configure:7613: $? = 0
configure:7686: gcc -o conftest -g -O2   conftest.c  >&5
configure:7686: $? = 0
configure:7686: ./conftest
configure:7686: $? = 0
configure:7697: result: yes
configure:7710: checking for sys/types.h
configure:7710: gcc -c -g -O2  conftest.c >&5
configure:7710: $? = 0
configure:7710: result: yes
configure:7710: checking for sys/stat.h
configure:7710: gcc -c -g -O2  conftest.c >&5
configure:7710: $? = 0
configure:7710: result: yes
configure:7710: checking for stdlib.h
configure:7710: gcc -c -g -O2  conftest.c >&5
configure:7710: $? = 0
configure:7710: result: yes
configure:7710: checking for string.h
configure:7710: gcc -c -g -O2  conftest.c >&5
configure:7710: $? = 0
configure:7710: result: yes
configure:7710: checking for memory.h
configure:7710: gcc -c -g -O2  conftest.c >&5
configure:7710: $? = 0
configure:7710: result: yes
configure:7710: checking for strings.h
configure:7710: gcc -c -g -O2  conftest.c >&5
configure:7710: $? = 0
configure:7710: result: yes
configure:7710: checking for inttypes.h
configure:7710: gcc -c -g -O2  conftest.c >&5
configure:7710: $? = 0
configure:7710: result: yes
configure:7710: checking for stdint.h
configure:7710: gcc -c -g -O2  conftest.c >&5
configure:7710: $? = 0
configure:7710: result: yes
configure:7710: checking for unistd.h
configure:7710: gcc -c -g -O2  conftest.c >&5
configure:7710: $? = 0
configure:7710: result: yes
configure:7724: checking for dlfcn.h
configure:7724: gcc -c -g -O2  conftest.c >&5
configure:7724: $? = 0
configure:7724: result: yes
configure:7930: checking for objdir
configure:7945: result: .libs
configure:8216: checking if gcc supports -fno-rtti -fno-exceptions
configure:8234: gcc -c -g -O2  -fno-rtti -fno-exceptions conftest.c >&5
cc1: warning: command line option '-fno-rtti' is valid for C++/ObjC++ but not for C
configure:8238: $? = 0
configure:8251: result: no
configure:8578: checking for gcc option to produce PIC
configure:8585: result: -fPIC -DPIC
configure:8593: checking if gcc PIC flag -fPIC -DPIC works
configure:8611: gcc -c -g -O2  -fPIC -DPIC -DPIC conftest.c >&5
configure:8615: $? = 0
configure:8628: result: yes
configure:8657: checking if gcc static flag -static works
configure:8685: result: yes
configure:8700: checking if gcc supports -c -o file.o
configure:8721: gcc -c -g -O2  -o out/conftest2.o conftest.c >&5
configure:8725: $? = 0
configure:8747: result: yes
configure:8755: checking if gcc supports -c -o file.o
configure:8802: result: yes
configure:8835: checking whether the gcc linker (/usr/bin/ld -m elf_x86_64) supports shared libraries
configure:9992: result: yes
configure:10029: checking whether -lc should be explicitly linked in
configure:10037: gcc -c -g -O2  conftest.c >&5
configure:10040: $? = 0
configure:10055: gcc -shared  -fPIC -DPIC conftest.o  -v -Wl,-soname -Wl,conftest -o conftest 2\>\&1 \| /bin/grep  -lc  \>/dev/null 2\>\&1
configure:10058: $? = 0
configure:10072: result: no
configure:10232: checking dynamic linker characteristics
configure:10732: gcc -o conftest -g -O2   -Wl,-rpath -Wl,/foo conftest.c  >&5
configure:10732: $? = 0
configure:10966: result: GNU/Linux ld.so
configure:11073: checking how to hardcode library paths into programs
configure:11098: result: immediate
configure:11638: checking whether stripping libraries is possible
configure:11643: result: yes
configure:11678: checking if libtool supports shared libraries
configure:11680: result: yes
configure:11683: checking whether to build shared libraries
configure:11704: result: yes
configure:11707: checking whether to build static libraries
configure:11711: result: yes
configure:11749: checking whether make sets $(MAKE)
configure:11771: result: yes
configure:11786: checking for pow
configure:11786: gcc -o conftest -g -O2   conftest.c  >&5
conftest.c:46:6: warning: conflicting types for built-in function 'pow'
 char pow ();
      ^
/tmp/cceNe27A.o: In function `main':
/home/c/ion-3.5.0/conftest.c:57: undefined reference to `pow'
collect2: error: ld returned 1 exit status
configure:11786: $? = 1
configure: failed program was:
| /* confdefs.h */
| #define PACKAGE_NAME "ion"
| #define PACKAGE_TARNAME "ion"
| #define PACKAGE_VERSION "open source 3.5.0"
| #define PACKAGE_STRING "ion open source 3.5.0"
| #define PACKAGE_BUGREPORT "http://korgano.eecs.ohiou.edu/mailman/listinfo/ion-bugs"
| #define PACKAGE_URL ""
| #define PACKAGE "ion"
| #define VERSION "open source 3.5.0"
| #define STDC_HEADERS 1
| #define HAVE_SYS_TYPES_H 1
| #define HAVE_SYS_STAT_H 1
| #define HAVE_STDLIB_H 1
| #define HAVE_STRING_H 1
| #define HAVE_MEMORY_H 1
| #define HAVE_STRINGS_H 1
| #define HAVE_INTTYPES_H 1
| #define HAVE_STDINT_H 1
| #define HAVE_UNISTD_H 1
| #define HAVE_DLFCN_H 1
| #define LT_OBJDIR ".libs/"
| /* end confdefs.h.  */
| /* Define pow to an innocuous variant, in case <limits.h> declares pow.
|    For example, HP-UX 11i <limits.h> declares gettimeofday.  */
| #define pow innocuous_pow
| 
| /* System header to define __stub macros and hopefully few prototypes,
|     which can conflict with char pow (); below.
|     Prefer <limits.h> to <assert.h> if __STDC__ is defined, since
|     <limits.h> exists even on freestanding compilers.  */
| 
| #ifdef __STDC__
| # include <limits.h>
| #else
| # include <assert.h>
| #endif
| 
| #undef pow
| 
| /* Override any GCC internal prototype to avoid an error.
|    Use char because int might match the return type of a GCC
|    builtin and then its argument prototype would still apply.  */
| #ifdef __cplusplus
| extern "C"
| #endif
| char pow ();
| /* The GNU C library defines this for functions which it implements
|     to always fail with ENOSYS.  Some functions are actually named
|     something starting with __ and the normal name is an alias.  */
| #if defined __stub_pow || defined __stub___pow
| choke me
| #endif
| 
| int
| main ()
| {
| return pow ();
|   ;
|   return 0;
| }
configure:11786: result: no
configure:11839: checking for DCCP support
configure:11925: gcc -o conftest -g -O2   conftest.c  >&5
configure:11925: $? = 0
configure:11925: ./conftest
configure:11925: $? = 0
configure:11926: result: yes
configure:12235: checking valgrind/valgrind.h usability
configure:12235: gcc -c -g -O2 -DNOEXPAT  conftest.c >&5
conftest.c:58:31: fatal error: valgrind/valgrind.h: No such file or directory
compilation terminated.
configure:12235: $? = 1
configure: failed program was:
| /* confdefs.h */
| #define PACKAGE_NAME "ion"
| #define PACKAGE_TARNAME "ion"
| #define PACKAGE_VERSION "open source 3.5.0"
| #define PACKAGE_STRING "ion open source 3.5.0"
| #define PACKAGE_BUGREPORT "http://korgano.eecs.ohiou.edu/mailman/listinfo/ion-bugs"
| #define PACKAGE_URL ""
| #define PACKAGE "ion"
| #define VERSION "open source 3.5.0"
| #define STDC_HEADERS 1
| #define HAVE_SYS_TYPES_H 1
| #define HAVE_SYS_STAT_H 1
| #define HAVE_STDLIB_H 1
| #define HAVE_STRING_H 1
| #define HAVE_MEMORY_H 1
| #define HAVE_STRINGS_H 1
| #define HAVE_INTTYPES_H 1
| #define HAVE_STDINT_H 1
| #define HAVE_UNISTD_H 1
| #define HAVE_DLFCN_H 1
| #define LT_OBJDIR ".libs/"
| #define linux 1
| #define build_dccp 1
| /* end confdefs.h.  */
| #include <stdio.h>
| #ifdef HAVE_SYS_TYPES_H
| # include <sys/types.h>
| #endif
| #ifdef HAVE_SYS_STAT_H
| # include <sys/stat.h>
| #endif
| #ifdef STDC_HEADERS
| # include <stdlib.h>
| # include <stddef.h>
| #else
| # ifdef HAVE_STDLIB_H
| #  include <stdlib.h>
| # endif
| #endif
| #ifdef HAVE_STRING_H
| # if !defined STDC_HEADERS && defined HAVE_MEMORY_H
| #  include <memory.h>
| # endif
| # include <string.h>
| #endif
| #ifdef HAVE_STRINGS_H
| # include <strings.h>
| #endif
| #ifdef HAVE_INTTYPES_H
| # include <inttypes.h>
| #endif
| #ifdef HAVE_STDINT_H
| # include <stdint.h>
| #endif
| #ifdef HAVE_UNISTD_H
| # include <unistd.h>
| #endif
| #include <valgrind/valgrind.h>
configure:12235: result: no
configure:12235: checking valgrind/valgrind.h presence
configure:12235: gcc -E  conftest.c
conftest.c:25:31: fatal error: valgrind/valgrind.h: No such file or directory
compilation terminated.
configure:12235: $? = 1
configure: failed program was:
| /* confdefs.h */
| #define PACKAGE_NAME "ion"
| #define PACKAGE_TARNAME "ion"
| #define PACKAGE_VERSION "open source 3.5.0"
| #define PACKAGE_STRING "ion open source 3.5.0"
| #define PACKAGE_BUGREPORT "http://korgano.eecs.ohiou.edu/mailman/listinfo/ion-bugs"
| #define PACKAGE_URL ""
| #define PACKAGE "ion"
| #define VERSION "open source 3.5.0"
| #define STDC_HEADERS 1
| #define HAVE_SYS_TYPES_H 1
| #define HAVE_SYS_STAT_H 1
| #define HAVE_STDLIB_H 1
| #define HAVE_STRING_H 1
| #define HAVE_MEMORY_H 1
| #define HAVE_STRINGS_H 1
| #define HAVE_INTTYPES_H 1
| #define HAVE_STDINT_H 1
| #define HAVE_UNISTD_H 1
| #define HAVE_DLFCN_H 1
| #define LT_OBJDIR ".libs/"
| #define linux 1
| #define build_dccp 1
| /* end confdefs.h.  */
| #include <valgrind/valgrind.h>
configure:12235: result: no
configure:12235: checking for valgrind/valgrind.h
configure:12235: result: no
configure:12313: checking for XML_GetCurrentLineNumber in -lexpat
configure:12338: gcc -o conftest  -Dlinux -DSPACE_ORDER=3 -fno-strict-aliasing -DENABLE_BPACS -DENABLE_IMC -DENABLE_MANPAGES -g -O2 -DNOEXPAT   conftest.c -lexpat   >&5
configure:12338: $? = 0
configure:12347: result: yes
configure:12363: checking for pthread_create in -lpthread
configure:12388: gcc -o conftest  -Dlinux -DSPACE_ORDER=3 -fno-strict-aliasing -DENABLE_BPACS -DENABLE_IMC -DENABLE_MANPAGES -g -O2 -DNOEXPAT   conftest.c -lpthread   >&5
configure:12388: $? = 0
configure:12397: result: yes
configure:12414: checking for pod2man
configure:12430: found /usr/bin/pod2man
configure:12441: result: pod2man
configure:12463: checking for ps2pdf
configure:12481: found /usr/bin/ps2pdf
configure:12493: result: /usr/bin/ps2pdf
configure:12503: checking for pdf2ps
configure:12521: found /usr/bin/pdf2ps
configure:12533: result: /usr/bin/pdf2ps
configure:12543: checking for psjoin
configure:12576: result: no
configure:12583: checking for pdfjoin
configure:12616: result: no
configure:12621: checking for fallback included psjoin
configure:12625: result: /home/c/ion-3.5.0/doc/psjoin
configure:12631: checking for fallback included pdfjoin
configure:12635: result: /home/c/ion-3.5.0/doc/pdfjoin
configure:12643: checking for groff
configure:12661: found /usr/bin/groff
configure:12673: result: /usr/bin/groff
configure:12681: checking if groff suports -ms
configure:12688: result: not found
configure:12690: try installing groff and the ms plugin
configure:12698: checking for man
configure:12716: found /usr/bin/man
configure:12728: result: /usr/bin/man
configure:12736: checking if man supports -l
configure:12739: result: /usr/bin/man
configure:12751: checking for tools to build autodoc
configure:12758: result: not found (skipping autodoc)
configure:12760: Ensure the ghostscript, psutils, groff-base and groff packages are installed.
configure:12778: checking for dirent.h that defines DIR
configure:12797: gcc -c -g -O2 -DNOEXPAT  conftest.c >&5
configure:12797: $? = 0
configure:12805: result: yes
configure:12818: checking for library containing opendir
configure:12849: gcc -o conftest -g -O2 -DNOEXPAT   conftest.c  >&5
configure:12849: $? = 0
configure:12866: result: none required
configure:12933: checking for ANSI C header files
configure:13037: result: yes
configure:13045: checking for sys/wait.h that is POSIX.1 compatible
configure:13071: gcc -c -g -O2 -DNOEXPAT  conftest.c >&5
configure:13071: $? = 0
configure:13078: result: yes
configure:13089: checking fcntl.h usability
configure:13089: gcc -c -g -O2 -DNOEXPAT  conftest.c >&5
configure:13089: $? = 0
configure:13089: result: yes
configure:13089: checking fcntl.h presence
configure:13089: gcc -E  conftest.c
configure:13089: $? = 0
configure:13089: result: yes
configure:13089: checking for fcntl.h
configure:13089: result: yes
configure:13089: checking malloc.h usability
configure:13089: gcc -c -g -O2 -DNOEXPAT  conftest.c >&5
configure:13089: $? = 0
configure:13089: result: yes
configure:13089: checking malloc.h presence
configure:13089: gcc -E  conftest.c
configure:13089: $? = 0
configure:13089: result: yes
configure:13089: checking for malloc.h
configure:13089: result: yes
configure:13089: checking netdb.h usability
configure:13089: gcc -c -g -O2 -DNOEXPAT  conftest.c >&5
configure:13089: $? = 0
configure:13089: result: yes
configure:13089: checking netdb.h presence
configure:13089: gcc -E  conftest.c
configure:13089: $? = 0
configure:13089: result: yes
configure:13089: checking for netdb.h
configure:13089: result: yes
configure:13089: checking netinet/in.h usability
configure:13089: gcc -c -g -O2 -DNOEXPAT  conftest.c >&5
configure:13089: $? = 0
configure:13089: result: yes
configure:13089: checking netinet/in.h presence
configure:13089: gcc -E  conftest.c
configure:13089: $? = 0
configure:13089: result: yes
configure:13089: checking for netinet/in.h
configure:13089: result: yes
configure:13089: checking stddef.h usability
configure:13089: gcc -c -g -O2 -DNOEXPAT  conftest.c >&5
configure:13089: $? = 0
configure:13089: result: yes
configure:13089: checking stddef.h presence
configure:13089: gcc -E  conftest.c
configure:13089: $? = 0
configure:13089: result: yes
configure:13089: checking for stddef.h
configure:13089: result: yes
configure:13089: checking for stdlib.h
configure:13089: result: yes
configure:13089: checking for string.h
configure:13089: result: yes
configure:13089: checking sys/ioctl.h usability
configure:13089: gcc -c -g -O2 -DNOEXPAT  conftest.c >&5
configure:13089: $? = 0
configure:13089: result: yes
configure:13089: checking sys/ioctl.h presence
configure:13089: gcc -E  conftest.c
configure:13089: $? = 0
configure:13089: result: yes
configure:13089: checking for sys/ioctl.h
configure:13089: result: yes
configure:13089: checking sys/param.h usability
configure:13089: gcc -c -g -O2 -DNOEXPAT  conftest.c >&5
configure:13089: $? = 0
configure:13089: result: yes
configure:13089: checking sys/param.h presence
configure:13089: gcc -E  conftest.c
configure:13089: $? = 0
configure:13089: result: yes
configure:13089: checking for sys/param.h
configure:13089: result: yes
configure:13089: checking sys/socket.h usability
configure:13089: gcc -c -g -O2 -DNOEXPAT  conftest.c >&5
configure:13089: $? = 0
configure:13089: result: yes
configure:13089: checking sys/socket.h presence
configure:13089: gcc -E  conftest.c
configure:13089: $? = 0
configure:13089: result: yes
configure:13089: checking for sys/socket.h
configure:13089: result: yes
configure:13089: checking sys/time.h usability
configure:13089: gcc -c -g -O2 -DNOEXPAT  conftest.c >&5
configure:13089: $? = 0
configure:13089: result: yes
configure:13089: checking sys/time.h presence
configure:13089: gcc -E  conftest.c
configure:13089: $? = 0
configure:13089: result: yes
configure:13089: checking for sys/time.h
configure:13089: result: yes
configure:13089: checking for unistd.h
configure:13089: result: yes
configure:13100: checking for an ANSI C-conforming const
configure:13166: gcc -c -g -O2 -DNOEXPAT  conftest.c >&5
configure:13166: $? = 0
configure:13173: result: yes
configure:13181: checking for size_t
configure:13181: gcc -c -g -O2 -DNOEXPAT  conftest.c >&5
configure:13181: $? = 0
configure:13181: gcc -c -g -O2 -DNOEXPAT  conftest.c >&5
conftest.c: In function 'main':
conftest.c:76:21: error: expected expression before ')' token
 if (sizeof ((size_t)))
                     ^
configure:13181: $? = 1
configure: failed program was:
| /* confdefs.h */
| #define PACKAGE_NAME "ion"
| #define PACKAGE_TARNAME "ion"
| #define PACKAGE_VERSION "open source 3.5.0"
| #define PACKAGE_STRING "ion open source 3.5.0"
| #define PACKAGE_BUGREPORT "http://korgano.eecs.ohiou.edu/mailman/listinfo/ion-bugs"
| #define PACKAGE_URL ""
| #define PACKAGE "ion"
| #define VERSION "open source 3.5.0"
| #define STDC_HEADERS 1
| #define HAVE_SYS_TYPES_H 1
| #define HAVE_SYS_STAT_H 1
| #define HAVE_STDLIB_H 1
| #define HAVE_STRING_H 1
| #define HAVE_MEMORY_H 1
| #define HAVE_STRINGS_H 1
| #define HAVE_INTTYPES_H 1
| #define HAVE_STDINT_H 1
| #define HAVE_UNISTD_H 1
| #define HAVE_DLFCN_H 1
| #define LT_OBJDIR ".libs/"
| #define linux 1
| #define build_dccp 1
| #define HAVE_DIRENT_H 1
| #define STDC_HEADERS 1
| #define HAVE_SYS_WAIT_H 1
| #define HAVE_FCNTL_H 1
| #define HAVE_MALLOC_H 1
| #define HAVE_NETDB_H 1
| #define HAVE_NETINET_IN_H 1
| #define HAVE_STDDEF_H 1
| #define HAVE_STDLIB_H 1
| #define HAVE_STRING_H 1
| #define HAVE_SYS_IOCTL_H 1
| #define HAVE_SYS_PARAM_H 1
| #define HAVE_SYS_SOCKET_H 1
| #define HAVE_SYS_TIME_H 1
| #define HAVE_UNISTD_H 1
| /* end confdefs.h.  */
| #include <stdio.h>
| #ifdef HAVE_SYS_TYPES_H
| # include <sys/types.h>
| #endif
| #ifdef HAVE_SYS_STAT_H
| # include <sys/stat.h>
| #endif
| #ifdef STDC_HEADERS
| # include <stdlib.h>
| # include <stddef.h>
| #else
| # ifdef HAVE_STDLIB_H
| #  include <stdlib.h>
| # endif
| #endif
| #ifdef HAVE_STRING_H
| # if !defined STDC_HEADERS && defined HAVE_MEMORY_H
| #  include <memory.h>
| # endif
| # include <string.h>
| #endif
| #ifdef HAVE_STRINGS_H
| # include <strings.h>
| #endif
| #ifdef HAVE_INTTYPES_H
| # include <inttypes.h>
| #endif
| #ifdef HAVE_STDINT_H
| # include <stdint.h>
| #endif
| #ifdef HAVE_UNISTD_H
| # include <unistd.h>
| #endif
| int
| main ()
| {
| if (sizeof ((size_t)))
| 	    return 0;
|   ;
|   return 0;
| }
configure:13181: result: yes
configure:13192: checking whether time.h and sys/time.h may both be included
configure:13212: gcc -c -g -O2 -DNOEXPAT  conftest.c >&5
configure:13212: $? = 0
configure:13219: result: yes
configure:13227: checking whether struct tm is in sys/time.h or time.h
configure:13247: gcc -c -g -O2 -DNOEXPAT  conftest.c >&5
configure:13247: $? = 0
configure:13254: result: time.h
configure:13262: checking for uid_t in sys/types.h
configure:13281: result: yes
configure:13296: checking for pid_t
configure:13296: gcc -c -g -O2 -DNOEXPAT  conftest.c >&5
configure:13296: $? = 0
configure:13296: gcc -c -g -O2 -DNOEXPAT  conftest.c >&5
conftest.c: In function 'main':
conftest.c:77:20: error: expected expression before ')' token
 if (sizeof ((pid_t)))
                    ^
configure:13296: $? = 1
configure: failed program was:
| /* confdefs.h */
| #define PACKAGE_NAME "ion"
| #define PACKAGE_TARNAME "ion"
| #define PACKAGE_VERSION "open source 3.5.0"
| #define PACKAGE_STRING "ion open source 3.5.0"
| #define PACKAGE_BUGREPORT "http://korgano.eecs.ohiou.edu/mailman/listinfo/ion-bugs"
| #define PACKAGE_URL ""
| #define PACKAGE "ion"
| #define VERSION "open source 3.5.0"
| #define STDC_HEADERS 1
| #define HAVE_SYS_TYPES_H 1
| #define HAVE_SYS_STAT_H 1
| #define HAVE_STDLIB_H 1
| #define HAVE_STRING_H 1
| #define HAVE_MEMORY_H 1
| #define HAVE_STRINGS_H 1
| #define HAVE_INTTYPES_H 1
| #define HAVE_STDINT_H 1
| #define HAVE_UNISTD_H 1
| #define HAVE_DLFCN_H 1
| #define LT_OBJDIR ".libs/"
| #define linux 1
| #define build_dccp 1
| #define HAVE_DIRENT_H 1
| #define STDC_HEADERS 1
| #define HAVE_SYS_WAIT_H 1
| #define HAVE_FCNTL_H 1
| #define HAVE_MALLOC_H 1
| #define HAVE_NETDB_H 1
| #define HAVE_NETINET_IN_H 1
| #define HAVE_STDDEF_H 1
| #define HAVE_STDLIB_H 1
| #define HAVE_STRING_H 1
| #define HAVE_SYS_IOCTL_H 1
| #define HAVE_SYS_PARAM_H 1
| #define HAVE_SYS_SOCKET_H 1
| #define HAVE_SYS_TIME_H 1
| #define HAVE_UNISTD_H 1
| #define TIME_WITH_SYS_TIME 1
| /* end confdefs.h.  */
| #include <stdio.h>
| #ifdef HAVE_SYS_TYPES_H
| # include <sys/types.h>
| #endif
| #ifdef HAVE_SYS_STAT_H
| # include <sys/stat.h>
| #endif
| #ifdef STDC_HEADERS
| # include <stdlib.h>
| # include <stddef.h>
| #else
| # ifdef HAVE_STDLIB_H
| #  include <stdlib.h>
| # endif
| #endif
| #ifdef HAVE_STRING_H
| # if !defined STDC_HEADERS && defined HAVE_MEMORY_H
| #  include <memory.h>
| # endif
| # include <string.h>
| #endif
| #ifdef HAVE_STRINGS_H
| # include <strings.h>
| #endif
| #ifdef HAVE_INTTYPES_H
| # include <inttypes.h>
| #endif
| #ifdef HAVE_STDINT_H
| # include <stdint.h>
| #endif
| #ifdef HAVE_UNISTD_H
| # include <unistd.h>
| #endif
| int
| main ()
| {
| if (sizeof ((pid_t)))
| 	    return 0;
|   ;
|   return 0;
| }
configure:13296: result: yes
configure:13309: checking vfork.h usability
configure:13309: gcc -c -g -O2 -DNOEXPAT  conftest.c >&5
conftest.c:74:19: fatal error: vfork.h: No such file or directory
compilation terminated.
configure:13309: $? = 1
configure: failed program was:
| /* confdefs.h */
| #define PACKAGE_NAME "ion"
| #define PACKAGE_TARNAME "ion"
| #define PACKAGE_VERSION "open source 3.5.0"
| #define PACKAGE_STRING "ion open source 3.5.0"
| #define PACKAGE_BUGREPORT "http://korgano.eecs.ohiou.edu/mailman/listinfo/ion-bugs"
| #define PACKAGE_URL ""
| #define PACKAGE "ion"
| #define VERSION "open source 3.5.0"
| #define STDC_HEADERS 1
| #define HAVE_SYS_TYPES_H 1
| #define HAVE_SYS_STAT_H 1
| #define HAVE_STDLIB_H 1
| #define HAVE_STRING_H 1
| #define HAVE_MEMORY_H 1
| #define HAVE_STRINGS_H 1
| #define HAVE_INTTYPES_H 1
| #define HAVE_STDINT_H 1
| #define HAVE_UNISTD_H 1
| #define HAVE_DLFCN_H 1
| #define LT_OBJDIR ".libs/"
| #define linux 1
| #define build_dccp 1
| #define HAVE_DIRENT_H 1
| #define STDC_HEADERS 1
| #define HAVE_SYS_WAIT_H 1
| #define HAVE_FCNTL_H 1
| #define HAVE_MALLOC_H 1
| #define HAVE_NETDB_H 1
| #define HAVE_NETINET_IN_H 1
| #define HAVE_STDDEF_H 1
| #define HAVE_STDLIB_H 1
| #define HAVE_STRING_H 1
| #define HAVE_SYS_IOCTL_H 1
| #define HAVE_SYS_PARAM_H 1
| #define HAVE_SYS_SOCKET_H 1
| #define HAVE_SYS_TIME_H 1
| #define HAVE_UNISTD_H 1
| #define TIME_WITH_SYS_TIME 1
| /* end confdefs.h.  */
| #include <stdio.h>
| #ifdef HAVE_SYS_TYPES_H
| # include <sys/types.h>
| #endif
| #ifdef HAVE_SYS_STAT_H
| # include <sys/stat.h>
| #endif
| #ifdef STDC_HEADERS
| # include <stdlib.h>
| # include <stddef.h>
| #else
| # ifdef HAVE_STDLIB_H
| #  include <stdlib.h>
| # endif
| #endif
| #ifdef HAVE_STRING_H
| # if !defined STDC_HEADERS && defined HAVE_MEMORY_H
| #  include <memory.h>
| # endif
| # include <string.h>
| #endif
| #ifdef HAVE_STRINGS_H
| # include <strings.h>
| #endif
| #ifdef HAVE_INTTYPES_H
| # include <inttypes.h>
| #endif
| #ifdef HAVE_STDINT_H
| # include <stdint.h>
| #endif
| #ifdef HAVE_UNISTD_H
| # include <unistd.h>
| #endif
| #include <vfork.h>
configure:13309: result: no
configure:13309: checking vfork.h presence
configure:13309: gcc -E  conftest.c
conftest.c:41:19: fatal error: vfork.h: No such file or directory
compilation terminated.
configure:13309: $? = 1
configure: failed program was:
| /* confdefs.h */
| #define PACKAGE_NAME "ion"
| #define PACKAGE_TARNAME "ion"
| #define PACKAGE_VERSION "open source 3.5.0"
| #define PACKAGE_STRING "ion open source 3.5.0"
| #define PACKAGE_BUGREPORT "http://korgano.eecs.ohiou.edu/mailman/listinfo/ion-bugs"
| #define PACKAGE_URL ""
| #define PACKAGE "ion"
| #define VERSION "open source 3.5.0"
| #define STDC_HEADERS 1
| #define HAVE_SYS_TYPES_H 1
| #define HAVE_SYS_STAT_H 1
| #define HAVE_STDLIB_H 1
| #define HAVE_STRING_H 1
| #define HAVE_MEMORY_H 1
| #define HAVE_STRINGS_H 1
| #define HAVE_INTTYPES_H 1
| #define HAVE_STDINT_H 1
| #define HAVE_UNISTD_H 1
| #define HAVE_DLFCN_H 1
| #define LT_OBJDIR ".libs/"
| #define linux 1
| #define build_dccp 1
| #define HAVE_DIRENT_H 1
| #define STDC_HEADERS 1
| #define HAVE_SYS_WAIT_H 1
| #define HAVE_FCNTL_H 1
| #define HAVE_MALLOC_H 1
| #define HAVE_NETDB_H 1
| #define HAVE_NETINET_IN_H 1
| #define HAVE_STDDEF_H 1
| #define HAVE_STDLIB_H 1
| #define HAVE_STRING_H 1
| #define HAVE_SYS_IOCTL_H 1
| #define HAVE_SYS_PARAM_H 1
| #define HAVE_SYS_SOCKET_H 1
| #define HAVE_SYS_TIME_H 1
| #define HAVE_UNISTD_H 1
| #define TIME_WITH_SYS_TIME 1
| /* end confdefs.h.  */
| #include <vfork.h>
configure:13309: result: no
configure:13309: checking for vfork.h
configure:13309: result: no
configure:13322: checking for fork
configure:13322: gcc -o conftest -g -O2 -DNOEXPAT   conftest.c  >&5
conftest.c:64:6: warning: conflicting types for built-in function 'fork'
 char fork ();
      ^
configure:13322: $? = 0
configure:13322: result: yes
configure:13322: checking for vfork
configure:13322: gcc -o conftest -g -O2 -DNOEXPAT   conftest.c  >&5
configure:13322: $? = 0
configure:13322: result: yes
configure:13332: checking for working fork
configure:13354: gcc -o conftest -g -O2 -DNOEXPAT   conftest.c  >&5
configure:13354: $? = 0
configure:13354: ./conftest
configure:13354: $? = 0
configure:13364: result: yes
configure:13385: checking for working vfork
configure:13495: result: yes
configure:13521: checking whether gcc needs -traditional
configure:13555: result: no
configure:13566: checking return type of signal handlers
configure:13584: gcc -c -g -O2 -DNOEXPAT  conftest.c >&5
conftest.c: In function 'main':
conftest.c:51:9: error: void value not ignored as it ought to be
 return *(signal (0, 0)) (0) == 1;
         ^
configure:13584: $? = 1
configure: failed program was:
| /* confdefs.h */
| #define PACKAGE_NAME "ion"
| #define PACKAGE_TARNAME "ion"
| #define PACKAGE_VERSION "open source 3.5.0"
| #define PACKAGE_STRING "ion open source 3.5.0"
| #define PACKAGE_BUGREPORT "http://korgano.eecs.ohiou.edu/mailman/listinfo/ion-bugs"
| #define PACKAGE_URL ""
| #define PACKAGE "ion"
| #define VERSION "open source 3.5.0"
| #define STDC_HEADERS 1
| #define HAVE_SYS_TYPES_H 1
| #define HAVE_SYS_STAT_H 1
| #define HAVE_STDLIB_H 1
| #define HAVE_STRING_H 1
| #define HAVE_MEMORY_H 1
| #define HAVE_STRINGS_H 1
| #define HAVE_INTTYPES_H 1
| #define HAVE_STDINT_H 1
| #define HAVE_UNISTD_H 1
| #define HAVE_DLFCN_H 1
| #define LT_OBJDIR ".libs/"
| #define linux 1
| #define build_dccp 1
| #define HAVE_DIRENT_H 1
| #define STDC_HEADERS 1
| #define HAVE_SYS_WAIT_H 1
| #define HAVE_FCNTL_H 1
| #define HAVE_MALLOC_H 1
| #define HAVE_NETDB_H 1
| #define HAVE_NETINET_IN_H 1
| #define HAVE_STDDEF_H 1
| #define HAVE_STDLIB_H 1
| #define HAVE_STRING_H 1
| #define HAVE_SYS_IOCTL_H 1
| #define HAVE_SYS_PARAM_H 1
| #define HAVE_SYS_SOCKET_H 1
| #define HAVE_SYS_TIME_H 1
| #define HAVE_UNISTD_H 1
| #define TIME_WITH_SYS_TIME 1
| #define HAVE_FORK 1
| #define HAVE_VFORK 1
| #define HAVE_WORKING_VFORK 1
| #define HAVE_WORKING_FORK 1
| /* end confdefs.h.  */
| #include <sys/types.h>
| #include <signal.h>
| 
| int
| main ()
| {
| return *(signal (0, 0)) (0) == 1;
|   ;
|   return 0;
| }
configure:13591: result: void
configure:13604: checking for alarm
configure:13604: gcc -o conftest -g -O2 -DNOEXPAT   conftest.c  >&5
configure:13604: $? = 0
configure:13604: result: yes
configure:13604: checking for ftruncate
configure:13604: gcc -o conftest -g -O2 -DNOEXPAT   conftest.c  >&5
configure:13604: $? = 0
configure:13604: result: yes
configure:13604: checking for getcwd
configure:13604: gcc -o conftest -g -O2 -DNOEXPAT   conftest.c  >&5
configure:13604: $? = 0
configure:13604: result: yes
configure:13604: checking for gethostbyaddr
configure:13604: gcc -o conftest -g -O2 -DNOEXPAT   conftest.c  >&5
configure:13604: $? = 0
configure:13604: result: yes
configure:13604: checking for gethostbyname
configure:13604: gcc -o conftest -g -O2 -DNOEXPAT   conftest.c  >&5
configure:13604: $? = 0
configure:13604: result: yes
configure:13604: checking for gethostname
configure:13604: gcc -o conftest -g -O2 -DNOEXPAT   conftest.c  >&5
configure:13604: $? = 0
configure:13604: result: yes
configure:13604: checking for gettimeofday
configure:13604: gcc -o conftest -g -O2 -DNOEXPAT   conftest.c  >&5
configure:13604: $? = 0
configure:13604: result: yes
configure:13604: checking for memset
configure:13604: gcc -o conftest -g -O2 -DNOEXPAT   conftest.c  >&5
conftest.c:76:6: warning: conflicting types for built-in function 'memset'
 char memset ();
      ^
configure:13604: $? = 0
configure:13604: result: yes
configure:13604: checking for mkdir
configure:13604: gcc -o conftest -g -O2 -DNOEXPAT   conftest.c  >&5
configure:13604: $? = 0
configure:13604: result: yes
configure:13604: checking for mkfifo
configure:13604: gcc -o conftest -g -O2 -DNOEXPAT   conftest.c  >&5
configure:13604: $? = 0
configure:13604: result: yes
configure:13604: checking for rmdir
configure:13604: gcc -o conftest -g -O2 -DNOEXPAT   conftest.c  >&5
configure:13604: $? = 0
configure:13604: result: yes
configure:13604: checking for select
configure:13604: gcc -o conftest -g -O2 -DNOEXPAT   conftest.c  >&5
configure:13604: $? = 0
configure:13604: result: yes
configure:13604: checking for socket
configure:13604: gcc -o conftest -g -O2 -DNOEXPAT   conftest.c  >&5
configure:13604: $? = 0
configure:13604: result: yes
configure:13604: checking for strcasecmp
configure:13604: gcc -o conftest -g -O2 -DNOEXPAT   conftest.c  >&5
conftest.c:82:6: warning: conflicting types for built-in function 'strcasecmp'
 char strcasecmp ();
      ^
configure:13604: $? = 0
configure:13604: result: yes
configure:13604: checking for strchr
configure:13604: gcc -o conftest -g -O2 -DNOEXPAT   conftest.c  >&5
conftest.c:83:6: warning: conflicting types for built-in function 'strchr'
 char strchr ();
      ^
configure:13604: $? = 0
configure:13604: result: yes
configure:13604: checking for strerror
configure:13604: gcc -o conftest -g -O2 -DNOEXPAT   conftest.c  >&5
configure:13604: $? = 0
configure:13604: result: yes
configure:13604: checking for strncasecmp
configure:13604: gcc -o conftest -g -O2 -DNOEXPAT   conftest.c  >&5
conftest.c:85:6: warning: conflicting types for built-in function 'strncasecmp'
 char strncasecmp ();
      ^
configure:13604: $? = 0
configure:13604: result: yes
configure:13604: checking for strstr
configure:13604: gcc -o conftest -g -O2 -DNOEXPAT   conftest.c  >&5
conftest.c:86:6: warning: conflicting types for built-in function 'strstr'
 char strstr ();
      ^
configure:13604: $? = 0
configure:13604: result: yes
configure:13604: checking for strtoul
configure:13604: gcc -o conftest -g -O2 -DNOEXPAT   conftest.c  >&5
configure:13604: $? = 0
configure:13604: result: yes
configure:13604: checking for uname
configure:13604: gcc -o conftest -g -O2 -DNOEXPAT   conftest.c  >&5
configure:13604: $? = 0
configure:13604: result: yes
configure:13752: checking that generated files are newer than configure
configure:13758: result: done
configure:13825: creating ./config.status

## ---------------------- ##
## Running config.status. ##
## ---------------------- ##

This file was extended by ion config.status open source 3.5.0, which was
generated by GNU Autoconf 2.69.  Invocation command line was

  CONFIG_FILES    = 
  CONFIG_HEADERS  = 
  CONFIG_LINKS    = 
  CONFIG_COMMANDS = 
  $ ./config.status 

on c

config.status:1158: creating Makefile
config.status:1158: creating contrib/Makefile
config.status:1158: creating config.h
config.status:1339: config.h is unchanged
config.status:1387: executing depfiles commands
config.status:1387: executing libtool commands

## ---------------- ##
## Cache variables. ##
## ---------------- ##

ac_cv_build=x86_64-unknown-linux-gnu
ac_cv_c_compiler_gnu=yes
ac_cv_c_const=yes
ac_cv_env_CC_set=
ac_cv_env_CC_value=
ac_cv_env_CFLAGS_set=
ac_cv_env_CFLAGS_value=
ac_cv_env_CPPFLAGS_set=
ac_cv_env_CPPFLAGS_value=
ac_cv_env_CPP_set=
ac_cv_env_CPP_value=
ac_cv_env_LDFLAGS_set=
ac_cv_env_LDFLAGS_value=
ac_cv_env_LIBS_set=
ac_cv_env_LIBS_value=
ac_cv_env_build_alias_set=
ac_cv_env_build_alias_value=
ac_cv_env_host_alias_set=
ac_cv_env_host_alias_value=
ac_cv_env_target_alias_set=
ac_cv_env_target_alias_value=
ac_cv_func_alarm=yes
ac_cv_func_fork=yes
ac_cv_func_fork_works=yes
ac_cv_func_ftruncate=yes
ac_cv_func_getcwd=yes
ac_cv_func_gethostbyaddr=yes
ac_cv_func_gethostbyname=yes
ac_cv_func_gethostname=yes
ac_cv_func_gettimeofday=yes
ac_cv_func_memset=yes
ac_cv_func_mkdir=yes
ac_cv_func_mkfifo=yes
ac_cv_func_pow=no
ac_cv_func_rmdir=yes
ac_cv_func_select=yes
ac_cv_func_socket=yes
ac_cv_func_strcasecmp=yes
ac_cv_func_strchr=yes
ac_cv_func_strerror=yes
ac_cv_func_strncasecmp=yes
ac_cv_func_strstr=yes
ac_cv_func_strtoul=yes
ac_cv_func_uname=yes
ac_cv_func_vfork=yes
ac_cv_func_vfork_works=yes
ac_cv_header_dirent_dirent_h=yes
ac_cv_header_dlfcn_h=yes
ac_cv_header_fcntl_h=yes
ac_cv_header_inttypes_h=yes
ac_cv_header_malloc_h=yes
ac_cv_header_memory_h=yes
ac_cv_header_netdb_h=yes
ac_cv_header_netinet_in_h=yes
ac_cv_header_stdc=yes
ac_cv_header_stddef_h=yes
ac_cv_header_stdint_h=yes
ac_cv_header_stdlib_h=yes
ac_cv_header_string_h=yes
ac_cv_header_strings_h=yes
ac_cv_header_sys_ioctl_h=yes
ac_cv_header_sys_param_h=yes
ac_cv_header_sys_socket_h=yes
ac_cv_header_sys_stat_h=yes
ac_cv_header_sys_time_h=yes
ac_cv_header_sys_types_h=yes
ac_cv_header_sys_wait_h=yes
ac_cv_header_time=yes
ac_cv_header_unistd_h=yes
ac_cv_header_valgrind_valgrind_h=no
ac_cv_header_vfork_h=no
ac_cv_host=x86_64-unknown-linux-gnu
ac_cv_lib_expat_XML_GetCurrentLineNumber=yes
ac_cv_lib_pthread_pthread_create=yes
ac_cv_objext=o
ac_cv_path_EGREP='/bin/grep -E'
ac_cv_path_FGREP='/bin/grep -F'
ac_cv_path_GREP=/bin/grep
ac_cv_path_GROFF=/usr/bin/groff
ac_cv_path_MANOPTS=/usr/bin/man
ac_cv_path_PDF2PS=/usr/bin/pdf2ps
ac_cv_path_PS2PDF=/usr/bin/ps2pdf
ac_cv_path_SED=/bin/sed
ac_cv_path_install='/usr/bin/install -c'
ac_cv_path_mkdir=/bin/mkdir
ac_cv_prog_AWK=mawk
ac_cv_prog_CPP='gcc -E'
ac_cv_prog_POD_DOCUMENTATION=pod2man
ac_cv_prog_ac_ct_AR=ar
ac_cv_prog_ac_ct_CC=gcc
ac_cv_prog_ac_ct_MANIFEST_TOOL=mt
ac_cv_prog_ac_ct_OBJDUMP=objdump
ac_cv_prog_ac_ct_RANLIB=ranlib
ac_cv_prog_ac_ct_STRIP=strip
ac_cv_prog_cc_c89=
ac_cv_prog_cc_g=yes
ac_cv_prog_gcc_traditional=no
ac_cv_prog_make_make_set=yes
ac_cv_search_opendir='none required'
ac_cv_struct_tm=time.h
ac_cv_type_pid_t=yes
ac_cv_type_signal=void
ac_cv_type_size_t=yes
ac_cv_type_uid_t=yes
am_cv_CC_dependencies_compiler_type=gcc3
am_cv_ar_interface=ar
am_cv_make_support_nested_variables=yes
am_cv_prog_cc_c_o=yes
lt_cv_ar_at_file=@
lt_cv_archive_cmds_need_lc=no
lt_cv_deplibs_check_method=pass_all
lt_cv_file_magic_cmd='$MAGIC_CMD'
lt_cv_file_magic_test_file=
lt_cv_ld_reload_flag=-r
lt_cv_nm_interface='BSD nm'
lt_cv_objdir=.libs
lt_cv_path_LD=/usr/bin/ld
lt_cv_path_NM='/usr/bin/nm -B'
lt_cv_path_mainfest_tool=no
lt_cv_prog_compiler_c_o=yes
lt_cv_prog_compiler_pic='-fPIC -DPIC'
lt_cv_prog_compiler_pic_works=yes
lt_cv_prog_compiler_rtti_exceptions=no
lt_cv_prog_compiler_static_works=yes
lt_cv_prog_gnu_ld=yes
lt_cv_sharedlib_from_linklib_cmd='printf %s\n'
lt_cv_shlibpath_overrides_runpath=no
lt_cv_sys_global_symbol_pipe='sed -n -e '\''s/^.*[	 ]\([ABCDGIRSTW][ABCDGIRSTW]*\)[	 ][	 ]*\([_A-Za-z][_A-Za-z0-9]*\)$/\1 \2 \2/p'\'' | sed '\''/ __gnu_lto/d'\'''
lt_cv_sys_global_symbol_to_c_name_address='sed -n -e '\''s/^: \([^ ]*\)[ ]*$/  {\"\1\", (void *) 0},/p'\'' -e '\''s/^[ABCDGIRSTW]* \([^ ]*\) \([^ ]*\)$/  {"\2", (void *) \&\2},/p'\'''
lt_cv_sys_global_symbol_to_c_name_address_lib_prefix='sed -n -e '\''s/^: \([^ ]*\)[ ]*$/  {\"\1\", (void *) 0},/p'\'' -e '\''s/^[ABCDGIRSTW]* \([^ ]*\) \(lib[^ ]*\)$/  {"\2", (void *) \&\2},/p'\'' -e '\''s/^[ABCDGIRSTW]* \([^ ]*\) \([^ ]*\)$/  {"lib\2", (void *) \&\2},/p'\'''
lt_cv_sys_global_symbol_to_cdecl='sed -n -e '\''s/^T .* \(.*\)$/extern int \1();/p'\'' -e '\''s/^[ABCDGIRSTW]* .* \(.*\)$/extern char \1;/p'\'''
lt_cv_sys_max_cmd_len=1572864
lt_cv_to_host_file_cmd=func_convert_file_noop
lt_cv_to_tool_file_cmd=func_convert_file_noop

## ----------------- ##
## Output variables. ##
## ----------------- ##

ACLOCAL='${SHELL} /home/c/ion-3.5.0/missing aclocal-1.14'
AMDEPBACKSLASH='\'
AMDEP_FALSE='#'
AMDEP_TRUE=''
AMTAR='$${TAR-tar}'
AM_BACKSLASH='\'
AM_CFLAGS=' -Dlinux -DSPACE_ORDER=3 -fno-strict-aliasing -DENABLE_BPACS -DENABLE_IMC -DENABLE_MANPAGES'
AM_DEFAULT_V='$(AM_DEFAULT_VERBOSITY)'
AM_DEFAULT_VERBOSITY='1'
AM_LDFLAGS=' -lpthread'
AM_LIBTOOLFLAGS=''
AM_V='$(V)'
AR='ar'
AUTOCONF='${SHELL} /home/c/ion-3.5.0/missing autoconf'
AUTOHEADER='${SHELL} /home/c/ion-3.5.0/missing autoheader'
AUTOMAKE='${SHELL} /home/c/ion-3.5.0/missing automake-1.14'
AWK='mawk'
BUILD_CONTRIB_FALSE=''
BUILD_CONTRIB_TRUE='#'
CC='gcc'
CCDEPMODE='depmode=gcc3'
CFLAGS='-g -O2 -DNOEXPAT'
CPP='gcc -E'
CPPFLAGS=''
CRYPTO_FALSE=''
CRYPTO_LIBS=''
CRYPTO_TRUE='#'
CYGPATH_W='echo'
DEFS='-DHAVE_CONFIG_H'
DEPDIR='.deps'
DLLTOOL='false'
DSYMUTIL=''
DUMPBIN=''
ECHO_C=''
ECHO_N='-n'
ECHO_T=''
EGREP='/bin/grep -E'
ENABLE_AUTODOC_FALSE=''
ENABLE_AUTODOC_TRUE='#'
ENABLE_BPACS_FALSE='#'
ENABLE_BPACS_TRUE=''
ENABLE_EXPAT_FALSE=''
ENABLE_EXPAT_TRUE='#'
ENABLE_GCOV_FALSE=''
ENABLE_GCOV_TRUE='#'
ENABLE_IMC_FALSE='#'
ENABLE_IMC_TRUE=''
ENABLE_MANPAGES_FALSE='#'
ENABLE_MANPAGES_TRUE=''
EXEEXT=''
EXPAT_LIBS='-lexpat'
FGREP='/bin/grep -F'
GREP='/bin/grep'
GROFF='/usr/bin/groff'
GROFFMS=''
INSTALL_DATA='${INSTALL} -m 644'
INSTALL_PROGRAM='${INSTALL}'
INSTALL_SCRIPT='${INSTALL}'
INSTALL_STRIP_PROGRAM='$(install_sh) -c -s'
ION_NASA_B_FALSE=''
ION_NASA_B_TRUE='#'
LD='/usr/bin/ld -m elf_x86_64'
LDFLAGS=''
LIBOBJS=''
LIBS=''
LIBTOOL='$(SHELL) $(top_builddir)/libtool'
LINUX_BUILD_FALSE='#'
LINUX_BUILD_TRUE=''
LIPO=''
LN_S='ln -s'
LTLIBOBJS=''
MAKEINFO='${SHELL} /home/c/ion-3.5.0/missing makeinfo'
MANIFEST_TOOL=':'
MANOPTS='/usr/bin/man'
MKDIR_P='/bin/mkdir -p'
NM='/usr/bin/nm -B'
NMEDIT=''
OBJDUMP='objdump'
OBJEXT='o'
OTOOL64=''
OTOOL=''
PACKAGE='ion'
PACKAGE_BUGREPORT='http://korgano.eecs.ohiou.edu/mailman/listinfo/ion-bugs'
PACKAGE_NAME='ion'
PACKAGE_STRING='ion open source 3.5.0'
PACKAGE_TARNAME='ion'
PACKAGE_URL=''
PACKAGE_VERSION='open source 3.5.0'
PATH_SEPARATOR=':'
PDF2PS='/usr/bin/pdf2ps'
PDFJOIN='/home/c/ion-3.5.0/doc/pdfjoin'
POD_DOCUMENTATION='pod2man'
PS2PDF='/usr/bin/ps2pdf'
PSJOIN='/home/c/ion-3.5.0/doc/psjoin'
RANLIB='ranlib'
SED='/bin/sed'
SET_MAKE=''
SHELL='/bin/bash'
STRIP='strip'
VALGRIND_COMPAT_CFLAGS=''
VERSION='open source 3.5.0'
ac_ct_AR='ar'
ac_ct_CC='gcc'
ac_ct_DUMPBIN=''
am__EXEEXT_FALSE=''
am__EXEEXT_TRUE='#'
am__fastdepCC_FALSE='#'
am__fastdepCC_TRUE=''
am__include='include'
am__isrc=''
am__leading_dot='.'
am__nodep='_no'
am__quote=''
am__tar='$${TAR-tar} chof - "$$tardir"'
am__untar='$${TAR-tar} xf -'
bindir='${exec_prefix}/bin'
build='x86_64-unknown-linux-gnu'
build_alias=''
build_cpu='x86_64'
build_os='linux-gnu'
build_vendor='unknown'
datadir='${datarootdir}'
datarootdir='${prefix}/share'
docdir='${datarootdir}/doc/${PACKAGE_TARNAME}'
dvidir='${docdir}'
exec_prefix='${prefix}'
host='x86_64-unknown-linux-gnu'
host_alias=''
host_cpu='x86_64'
host_os='linux-gnu'
host_vendor='unknown'
htmldir='${docdir}'
includedir='${prefix}/include'
infodir='${datarootdir}/info'
install_sh='${SHELL} /home/c/ion-3.5.0/install-sh'
libdir='${exec_prefix}/lib'
libexecdir='${exec_prefix}/libexec'
localedir='${datarootdir}/locale'
localstatedir='${prefix}/var'
mandir='${datarootdir}/man'
mkdir_p='$(MKDIR_P)'
oldincludedir='/usr/include'
pdfdir='${docdir}'
prefix='/usr/local'
program_transform_name='s,x,x,'
psdir='${docdir}'
sbindir='${exec_prefix}/sbin'
sharedstatedir='${prefix}/com'
sysconfdir='${prefix}/etc'
target_alias=''

## ----------- ##
## confdefs.h. ##
## ----------- ##

/* confdefs.h */
#define PACKAGE_NAME "ion"
#define PACKAGE_TARNAME "ion"
#define PACKAGE_VERSION "open source 3.5.0"
#define PACKAGE_STRING "ion open source 3.5.0"
#define PACKAGE_BUGREPORT "http://korgano.eecs.ohiou.edu/mailman/listinfo/ion-bugs"
#define PACKAGE_URL ""
#define PACKAGE "ion"
#define VERSION "open source 3.5.0"
#define STDC_HEADERS 1
#define HAVE_SYS_TYPES_H 1
#define HAVE_SYS_STAT_H 1
#define HAVE_STDLIB_H 1
#define HAVE_STRING_H 1
#define HAVE_MEMORY_H 1
#define HAVE_STRINGS_H 1
#define HAVE_INTTYPES_H 1
#define HAVE_STDINT_H 1
#define HAVE_UNISTD_H 1
#define HAVE_DLFCN_H 1
#define LT_OBJDIR ".libs/"
#define linux 1
#define build_dccp 1
#define HAVE_DIRENT_H 1
#define STDC_HEADERS 1
#define HAVE_SYS_WAIT_H 1
#define HAVE_FCNTL_H 1
#define HAVE_MALLOC_H 1
#define HAVE_NETDB_H 1
#define HAVE_NETINET_IN_H 1
#define HAVE_STDDEF_H 1
#define HAVE_STDLIB_H 1
#define HAVE_STRING_H 1
#define HAVE_SYS_IOCTL_H 1
#define HAVE_SYS_PARAM_H 1
#define HAVE_SYS_SOCKET_H 1
#define HAVE_SYS_TIME_H 1
#define HAVE_UNISTD_H 1
#define TIME_WITH_SYS_TIME 1
#define HAVE_FORK 1
#define HAVE_VFORK 1
#define HAVE_WORKING_VFORK 1
#define HAVE_WORKING_FORK 1
#define RETSIGTYPE void
#define HAVE_ALARM 1
#define HAVE_FTRUNCATE 1
#define HAVE_GETCWD 1
#define HAVE_GETHOSTBYADDR 1
#define HAVE_GETHOSTBYNAME 1
#define HAVE_GETHOSTNAME 1
#define HAVE_GETTIMEOFDAY 1
#define HAVE_MEMSET 1
#define HAVE_MKDIR 1
#define HAVE_MKFIFO 1
#define HAVE_RMDIR 1
#define HAVE_SELECT 1
#define HAVE_SOCKET 1
#define HAVE_STRCASECMP 1
#define HAVE_STRCHR 1
#define HAVE_STRERROR 1
#define HAVE_STRNCASECMP 1
#define HAVE_STRSTR 1
#define HAVE_STRTOUL 1
#define HAVE_UNAME 1

configure: exit 0
